<?xml version="1.0" encoding="UTF-8"?>
<!-- Generated by org.testng.reporters.JUnitReportReporter -->
<testsuite hostname="P10102398" name="com.m3u8.basetool.GetSegList" tests="1" failures="0" timestamp="16 Mar 2016 07:35:29 GMT" time="0.033" errors="0">
  <testcase name="testSeg_noRank" time="0.033" classname="com.m3u8.basetool.GetSegList"/>
</testsuite> <!-- com.m3u8.basetool.GetSegList -->
