<?xml version="1.0" encoding="UTF-8"?>
<!-- Generated by org.testng.reporters.JUnitReportReporter -->
<testsuite hostname="P10102398" name="com.m3u8.test.TsSegNoTest" tests="1" failures="0" timestamp="16 Mar 2016 08:51:14 GMT" time="0.006" errors="0">
  <testcase name="f" time="0.006" classname="com.m3u8.test.TsSegNoTest"/>
</testsuite> <!-- com.m3u8.test.TsSegNoTest -->
